<?xml version="1.0" encoding="UTF-8"?>
<!-- Generated by org.testng.reporters.JUnitReportReporter -->
<testsuite hostname="VIVEK" failures="0" tests="4" name="FlibhtBookingTest" time="52.922" errors="0" timestamp="2023-03-11T15:13:04 IST" skipped="0">
  <testcase classname="FlibhtBookingTest" name="testUserRegistration" time="13.237"/>
  <system-out/>
  <testcase classname="FlibhtBookingTest" name="testUserRegistration" time="13.750"/>
  <system-out/>
  <testcase classname="FlibhtBookingTest" name="testUserRegistration" time="12.931"/>
  <system-out/>
  <testcase classname="FlibhtBookingTest" name="testUserRegistration" time="13.004"/>
  <system-out/>
</testsuite> <!-- FlibhtBookingTest -->
